<?xml version="1.0" encoding="UTF-8"?>
<testng-results total="1" passed="1" failed="0" skipped="0">
  <reporter-output>
  </reporter-output>
  <suite started-at="2019-02-10T06:04:19Z" name="Suite" finished-at="2019-02-10T06:04:57Z" duration-ms="37852">
    <groups>
    </groups>
    <test started-at="2019-02-10T06:04:19Z" name="Test" finished-at="2019-02-10T06:04:57Z" duration-ms="37852">
      <class name="FirstGitPack.FirstGitClassTest">
        <test-method signature="f()[pri:0, instance:FirstGitPack.FirstGitClassTest@41d477ed]" started-at="2019-02-10T11:34:19Z" name="f" finished-at="2019-02-10T11:34:57Z" duration-ms="37832" status="PASS">
          <reporter-output>
          </reporter-output>
        </test-method> <!-- f -->
      </class> <!-- FirstGitPack.FirstGitClassTest -->
    </test> <!-- Test -->
  </suite> <!-- Suite -->
</testng-results>
